<?xml version="1.0" encoding="UTF-8"?>
<!-- Generated by org.testng.reporters.JUnitXMLReporter -->
<testsuite ignored="0" hostname="DESKTOP-3GS2THR" failures="0" tests="2" name="Test3 mac and chrome" time="363.214" errors="0" timestamp="2024-12-09T01:34:37 IST">
  <testcase classname="testCases.TC001_AccountRegistration_Test" name="verfiAccountRegistration" time="0.001">
    <skipped/>
  </testcase> <!-- verfiAccountRegistration -->
  <testcase classname="testCases.TC002_LogInToMyAccount" name="loginIntoMyAccount" time="0.0">
    <skipped/>
  </testcase> <!-- loginIntoMyAccount -->
</testsuite> <!-- Test3 mac and chrome -->
