<?xml version="1.0" encoding="UTF-8"?>
<!-- Generated by org.testng.reporters.JUnitXMLReporter -->
<testsuite ignored="0" hostname="DESKTOP-3GS2THR" failures="0" tests="2" name="Test3 windows and firefox" time="21.582" errors="0" timestamp="2024-12-09T01:46:58 IST">
  <testcase classname="testCases.TC001_AccountRegistration_Test" name="verfiAccountRegistration" time="3.079"/>
  <testcase classname="testCases.TC002_LogInToMyAccount" name="loginIntoMyAccount" time="2.541"/>
</testsuite> <!-- Test3 windows and firefox -->
