<?xml version="1.0" encoding="UTF-8"?>
<!-- Generated by org.testng.reporters.JUnitXMLReporter -->
<testsuite ignored="0" hostname="DESKTOP-3GS2THR" failures="0" tests="2" name="Test6 linux and edge" time="215.581" errors="0" timestamp="2024-12-10T23:39:38 IST">
  <testcase classname="testCases.TC001_AccountRegistration_Test" name="verfiAccountRegistration" time="13.072"/>
  <testcase classname="testCases.TC002_LogInToMyAccount" name="loginIntoMyAccount" time="0.0">
    <skipped/>
  </testcase> <!-- loginIntoMyAccount -->
</testsuite> <!-- Test6 linux and edge -->
