<?xml version="1.0" encoding="UTF-8"?>
<!-- Generated by org.testng.reporters.JUnitXMLReporter -->
<testsuite ignored="0" hostname="DESKTOP-3GS2THR" failures="0" tests="2" name="Test1 linux and chrome" time="23.591" errors="0" timestamp="2024-12-11T01:13:27 IST">
  <testcase classname="testCases.TC001_AccountRegistration_Test" name="verfiAccountRegistration" time="3.857"/>
  <testcase classname="testCases.TC002_LogInToMyAccount" name="loginIntoMyAccount" time="3.845"/>
</testsuite> <!-- Test1 linux and chrome -->
