<?xml version="1.0" encoding="UTF-8"?>
<testng-results ignored="0" total="2" passed="2" failed="0" skipped="0">
  <reporter-output>
  </reporter-output>
  <suite started-at="2025-03-31T23:08:39 IST" name="Suite" finished-at="2025-03-31T23:09:02 IST" duration-ms="22808">
    <groups>
      <group name="regression">
        <method signature="TC002_LogInToMyAccount.loginIntoMyAccount()[pri:0, instance:testCases.TC002_LogInToMyAccount@e54303]" name="loginIntoMyAccount" class="testCases.TC002_LogInToMyAccount"/>
      </group> <!-- regression -->
      <group name="sanity">
        <method signature="TC001_AccountRegistration_Test.verfiAccountRegistration()[pri:0, instance:testCases.TC001_AccountRegistration_Test@22875539]" name="verfiAccountRegistration" class="testCases.TC001_AccountRegistration_Test"/>
      </group> <!-- sanity -->
      <group name="master">
        <method signature="TC001_AccountRegistration_Test.verfiAccountRegistration()[pri:0, instance:testCases.TC001_AccountRegistration_Test@22875539]" name="verfiAccountRegistration" class="testCases.TC001_AccountRegistration_Test"/>
        <method signature="TC002_LogInToMyAccount.loginIntoMyAccount()[pri:0, instance:testCases.TC002_LogInToMyAccount@e54303]" name="loginIntoMyAccount" class="testCases.TC002_LogInToMyAccount"/>
      </group> <!-- master -->
    </groups>
    <test started-at="2025-03-31T23:08:39 IST" name="Test" finished-at="2025-03-31T23:09:02 IST" duration-ms="22808">
      <class name="testCases.TC002_LogInToMyAccount">
        <test-method is-config="true" signature="setUp(java.lang.String,java.lang.String)[pri:0, instance:testCases.TC002_LogInToMyAccount@e54303]" started-at="2025-03-31T23:08:53 IST" name="setUp" finished-at="2025-03-31T23:08:58 IST" duration-ms="4616" status="PASS">
          <params>
            <param index="0">
              <value>
                <![CDATA[linux]]>
              </value>
            </param>
            <param index="1">
              <value>
                <![CDATA[chrome]]>
              </value>
            </param>
          </params>
          <reporter-output>
          </reporter-output>
        </test-method> <!-- setUp -->
        <test-method signature="loginIntoMyAccount()[pri:0, instance:testCases.TC002_LogInToMyAccount@e54303]" started-at="2025-03-31T23:08:58 IST" name="loginIntoMyAccount" finished-at="2025-03-31T23:09:02 IST" duration-ms="4105" status="PASS">
          <reporter-output>
          </reporter-output>
        </test-method> <!-- loginIntoMyAccount -->
        <test-method is-config="true" signature="tearDown()[pri:0, instance:testCases.TC002_LogInToMyAccount@e54303]" started-at="2025-03-31T23:09:02 IST" name="tearDown" finished-at="2025-03-31T23:09:02 IST" duration-ms="160" status="PASS">
          <reporter-output>
          </reporter-output>
        </test-method> <!-- tearDown -->
      </class> <!-- testCases.TC002_LogInToMyAccount -->
      <class name="testCases.TC001_AccountRegistration_Test">
        <test-method is-config="true" signature="setUp(java.lang.String,java.lang.String)[pri:0, instance:testCases.TC001_AccountRegistration_Test@22875539]" started-at="2025-03-31T23:08:40 IST" name="setUp" finished-at="2025-03-31T23:08:49 IST" duration-ms="8875" status="PASS">
          <params>
            <param index="0">
              <value>
                <![CDATA[linux]]>
              </value>
            </param>
            <param index="1">
              <value>
                <![CDATA[chrome]]>
              </value>
            </param>
          </params>
          <reporter-output>
          </reporter-output>
        </test-method> <!-- setUp -->
        <test-method signature="verfiAccountRegistration()[pri:0, instance:testCases.TC001_AccountRegistration_Test@22875539]" started-at="2025-03-31T23:08:49 IST" name="verfiAccountRegistration" finished-at="2025-03-31T23:08:53 IST" duration-ms="4241" status="PASS">
          <reporter-output>
          </reporter-output>
        </test-method> <!-- verfiAccountRegistration -->
        <test-method is-config="true" signature="tearDown()[pri:0, instance:testCases.TC001_AccountRegistration_Test@22875539]" started-at="2025-03-31T23:08:53 IST" name="tearDown" finished-at="2025-03-31T23:08:53 IST" duration-ms="160" status="PASS">
          <reporter-output>
          </reporter-output>
        </test-method> <!-- tearDown -->
      </class> <!-- testCases.TC001_AccountRegistration_Test -->
    </test> <!-- Test -->
  </suite> <!-- Suite -->
</testng-results>
