<?xml version="1.0" encoding="UTF-8"?>
<testng-results ignored="0" total="1" passed="1" failed="0" skipped="0">
  <reporter-output>
  </reporter-output>
  <suite started-at="2024-12-11T00:41:55 IST" name="Suite" finished-at="2024-12-11T00:42:11 IST" duration-ms="15711">
    <groups>
      <group name="regression">
        <method signature="TC002_LogInToMyAccount.loginIntoMyAccount()[pri:0, instance:testCases.TC002_LogInToMyAccount@4e08711f]" name="loginIntoMyAccount" class="testCases.TC002_LogInToMyAccount"/>
      </group> <!-- regression -->
      <group name="master">
        <method signature="TC002_LogInToMyAccount.loginIntoMyAccount()[pri:0, instance:testCases.TC002_LogInToMyAccount@4e08711f]" name="loginIntoMyAccount" class="testCases.TC002_LogInToMyAccount"/>
      </group> <!-- master -->
    </groups>
    <test started-at="2024-12-11T00:41:55 IST" name="Test1 linux and chrome" finished-at="2024-12-11T00:42:11 IST" duration-ms="15711">
      <class name="testCases.TC002_LogInToMyAccount">
        <test-method is-config="true" signature="setUp(java.lang.String,java.lang.String)[pri:0, instance:testCases.TC002_LogInToMyAccount@4e08711f]" started-at="2024-12-11T00:41:56 IST" name="setUp" finished-at="2024-12-11T00:42:07 IST" duration-ms="11654" status="PASS">
          <params>
            <param index="0">
              <value>
                <![CDATA[windows]]>
              </value>
            </param>
            <param index="1">
              <value>
                <![CDATA[chrome]]>
              </value>
            </param>
          </params>
          <reporter-output>
          </reporter-output>
        </test-method> <!-- setUp -->
        <test-method signature="loginIntoMyAccount()[pri:0, instance:testCases.TC002_LogInToMyAccount@4e08711f]" started-at="2024-12-11T00:42:07 IST" name="loginIntoMyAccount" finished-at="2024-12-11T00:42:10 IST" duration-ms="2832" status="PASS">
          <reporter-output>
          </reporter-output>
        </test-method> <!-- loginIntoMyAccount -->
        <test-method is-config="true" signature="tearDown()[pri:0, instance:testCases.TC002_LogInToMyAccount@4e08711f]" started-at="2024-12-11T00:42:10 IST" name="tearDown" finished-at="2024-12-11T00:42:11 IST" duration-ms="505" status="PASS">
          <reporter-output>
          </reporter-output>
        </test-method> <!-- tearDown -->
      </class> <!-- testCases.TC002_LogInToMyAccount -->
    </test> <!-- Test1 linux and chrome -->
  </suite> <!-- Suite -->
</testng-results>
